ncsim 14.10-s005
Linux 2.6.32-696.1.1.el6.x86_64 #1 SMP Tue Apr 11 17:13:24 UTC 2017 x86_64
CPU cores: 32
Limit information:
======================================
cputime			unlimited
filesize		unlimited
datasize		unlimited
stacksize		10240 kbytes
coredumpsize	0 kbytes
memoryuse		unlimited
vmemoryuse		unlimited
descriptors		4096
memorylocked	-1 kbytes
maxproc			1024
======================================
(Special)Runtime environment variables:

Runtime environment variables:
QTDIR=/usr/lib64/qt-3.3
VCS_HOME=/usr/cad/synopsys/vcs-mx/cur
SOFT_MAN_DIR=/usr/cad/synopsys/coreconsultant/cur/doc/dware/man
MODULEPATH=/usr/share/Modules/modulefiles:/etc/modulefiles
SHELL=/bin/tcsh
PCTHOME=/usr/cad/synopsys/pa_virtualizer/cur/SLS/linux/pc
MACHTYPE=x86_64
LESSOPEN=||/usr/bin/lesspipe.sh %s
CWR_USING_LNX_KERNEL_THREADS=1
SSH_CONNECTION=192.168.75.200 55496 192.168.75.26 22
PATH=/usr/cad/cadence/INCISIV/cur/tools/bin:/usr/cad/cadence/INCISIV/cur/tools/vtools/vfault/bin:/usr/cad/cadence/INCISIV/cur/tools/dfII/bin:/usr/cad/cadence/EDI/cur/tools/celtic/bin:/usr/cad/cadence/EDI/cur/tools/plato/bin:/usr/cad/cadence/EDI/cur/tools/dfII/bin:/usr/cad/cadence/EDI/cur/tools/fe/bin:/usr/cad/cadence/EDI/cur/tools/cdsdoc/bin:/usr/cad/cadence/EDI/cur/tools/bin:/usr/cad/cadence/EDI/cur//tools/tlfUtil/bin:/usr/cad/cadence/CTOS/cur/tools/bin:/usr/cad/cadence/MMSIM/cur/tools/dfII/bin:/usr/cad/cadence/MMSIM/cur/tools/bin:/usr/cad/cadence/EXT/cur/tools/bin:/usr/cad/cadence/ETS/cur/tools/bin:/usr/cad/cadence/CONFRML/cur/./bin:/usr/cad/cadence/CONFRML/cur/tools/bin:/usr/cad/cadence/IC/cur/tools/dfII/bin:/usr/cad/cadence/IC/cur/tools/dracula/bin:/usr/cad/cadence/IC/cur/tools/bin:/usr/cad/synopsys/pa_virtualizer/cur/SLS/linux/pc/bin:/usr/cad/synopsys/pa_virtualizer/cur/SLS/linux/InnoGUI/Innovator/Bin:/usr/cad/synopsys/pa_virtualizer/cur/SLS/linux/tools/bin:/usr/cad/synopsys/icc/cur/amd64/syn/bin:/usr/bin/X11:/usr/cad/synopsys/coreconsultant/cur/bin:/usr/cad/synopsys/verdi/cur/bin:/usr/cad/synopsys/verdi/cur/nLint/bin:/usr/cad/synopsys/vcs-mx/cur/bin:/usr/cad/synopsys/vcs-mx/cur/linux/bin:/usr/cad/synopsys/vcs-mx/cur/linux/util:/usr/cad/synopsys/vcs-mx/cur/linux/flexlm:/usr/bin/X11:/usr/cad/synopsys/coreConsultant/cur/bin:/usr/cad/synopsys/synthesis/cur/amd64/syn/bin:/usr/cad/synopsys/lc/cur/bin:/usr/bin/X11:/usr/cad/synopsys/primetime/cur/amd64/syn/bin:/usr/lib64/qt-3.3/bin:/usr/local/bin:/bin:/usr/bin
LM_LICENSE_FILE=5280@lscic:5280@lsncu:5280@lsntu:5280@lsnchu:8224@lscic.cic.org.tw:26585@lscic.cic.org.tw:26585@hostname
SNPS_VP_HTYPE=linux
PRIMETIME=/usr/cad/synopsys/primetime/cur
ENCOUNTER=/usr/cad/cadence/EDI/cur/tools/fe
SNPS_VP_PRODUCT=PA
SSH_TTY=/dev/pts/7
COWARE_MONITORS_PATH=/users/student/topic/zscaxd5651/.synopsys/monitors:/usr/cad/synopsys/pa_virtualizer/cur/SLS/linux/IP
VENDOR=unknown
COWAREHT=linux
SELINUX_USE_CURRENT_RANGE=
LS_COLORS=rs=0:di=38;5;27:ln=38;5;51:mh=44;38;5;15:pi=40;38;5;11:so=38;5;13:do=38;5;5:bd=48;5;232;38;5;11:cd=48;5;232;38;5;3:or=48;5;232;38;5;9:mi=05;48;5;232;38;5;15:su=48;5;196;38;5;15:sg=48;5;11;38;5;16:ca=48;5;196;38;5;226:tw=48;5;10;38;5;16:ow=48;5;10;38;5;21:st=48;5;21;38;5;15:ex=38;5;34:*.tar=38;5;9:*.tgz=38;5;9:*.arj=38;5;9:*.taz=38;5;9:*.lzh=38;5;9:*.lzma=38;5;9:*.tlz=38;5;9:*.txz=38;5;9:*.zip=38;5;9:*.z=38;5;9:*.Z=38;5;9:*.dz=38;5;9:*.gz=38;5;9:*.lz=38;5;9:*.xz=38;5;9:*.bz2=38;5;9:*.tbz=38;5;9:*.tbz2=38;5;9:*.bz=38;5;9:*.tz=38;5;9:*.deb=38;5;9:*.rpm=38;5;9:*.jar=38;5;9:*.rar=38;5;9:*.ace=38;5;9:*.zoo=38;5;9:*.cpio=38;5;9:*.7z=38;5;9:*.rz=38;5;9:*.jpg=38;5;13:*.jpeg=38;5;13:*.gif=38;5;13:*.bmp=38;5;13:*.pbm=38;5;13:*.pgm=38;5;13:*.ppm=38;5;13:*.tga=38;5;13:*.xbm=38;5;13:*.xpm=38;5;13:*.tif=38;5;13:*.tiff=38;5;13:*.png=38;5;13:*.svg=38;5;13:*.svgz=38;5;13:*.mng=38;5;13:*.pcx=38;5;13:*.mov=38;5;13:*.mpg=38;5;13:*.mpeg=38;5;13:*.m2v=38;5;13:*.mkv=38;5;13:*.ogm=38;5;13:*.mp4=38;5;13:*.m4v=38;5;13:*.mp4v=38;5;13:*.vob=38;5;13:*.qt=38;5;13:*.nuv=38;5;13:*.wmv=38;5;13:*.asf=38;5;13:*.rm=38;5;13:*.rmvb=38;5;13:*.flc=38;5;13:*.avi=38;5;13:*.fli=38;5;13:*.flv=38;5;13:*.gl=38;5;13:*.dl=38;5;13:*.xcf=38;5;13:*.xwd=38;5;13:*.yuv=38;5;13:*.cgm=38;5;13:*.emf=38;5;13:*.axv=38;5;13:*.anx=38;5;13:*.ogv=38;5;13:*.ogx=38;5;13:*.aac=38;5;45:*.au=38;5;45:*.flac=38;5;45:*.mid=38;5;45:*.midi=38;5;45:*.mka=38;5;45:*.mp3=38;5;45:*.mpc=38;5;45:*.ogg=38;5;45:*.ra=38;5;45:*.wav=38;5;45:*.axa=38;5;45:*.oga=38;5;45:*.spx=38;5;45:*.xspf=38;5;45:
SHLIB_PATH=/usr/cad/synopsys/verdi/cur/share/PLI/IUS/LINUX
OA_HOME=/usr/cad/cadence/EDI/cur/oa
KDEDIRS=/usr
DISPLAY=localhost:13.0
COWARE_PRODUCT=PA
PWD=/users/student/topic/zscaxd5651/VLSI_System_Design/HW2
G_BROKEN_FILENAMES=1
MANPATH=:/usr/cad/synopsys/synthesis/cur/doc/syn/man:/usr/cad/synopsys/coreconsultant/cur/doc/dware/man
HOME=/users/student/topic/zscaxd5651
SYNOPSYS=/usr/cad/synopsys/icc/cur
LD_LIBRARY_PATH=/usr/cad/cadence/INCISIV/cur/tools/lib:/usr/cad/cadence/INCISIV/cur/tools/vtools/vfault/lib:::/usr/cad/cadence/EDI/cur//tools/tlfUtil/lib:/usr/cad/cadence/CTOS/cur/tools/lib:/usr/cad/cadence/MMSIM/cur/tools/lib:/usr/cad/cadence/EXT/cur/tools/lib:/usr/cad/cadence/ETS/cur/tools/lib:/usr/cad/cadence/CONFRML/cur/tools/lib:/usr/cad/cadence/IC/cur/tools/lib:/usr/cad/synopsys/pa_virtualizer/cur/SLS/linux/dmtools/lib:/usr/cad/synopsys/pa_virtualizer/cur/SLS/linux/pc/lib:/usr/cad/synopsys/pa_virtualizer/cur/SLS/linux/common/lib-any:/usr/cad/synopsys/pa_virtualizer/cur/SLS/linux/common/libso-gcc-4.7.2:/usr/cad/synopsys/pa_virtualizer/cur/SLS/linux/gnu/gcc-4.7.2/lib:/usr/cad/synopsys/verdi/cur/share/PLI/IUS/LINUX/:/usr/cad/synopsys/pa_virtualizer/cur/SLS/linux/dmtools/lib:/lib
MODULESHOME=/usr/share/Modules
SYN_MAN_DIR=/usr/cad/synopsys/synthesis/cur/doc/syn/man
LOGNAME=zscaxd5651
SELINUX_LEVEL_REQUESTED=
VCS_CC=gcc
HOSTNAME=ic56.cs.nthu.edu.tw
SSH_ASKPASS=/usr/libexec/openssh/gnome-ssh-askpass
OSTYPE=linux
SHLVL=1
COWAREHOME=/usr/cad/synopsys/pa_virtualizer/cur/SLS/linux
USER=zscaxd5651
QTLIB=/usr/lib64/qt-3.3/lib
SNPS_VIEW_CONFIG_PATH=/users/student/topic/zscaxd5651/.synopsys/viewconfig:/usr/cad/synopsys/pa_virtualizer/cur/SLS/linux/IP:/usr/cad/synopsys/pa_virtualizer/cur/SLS/linux/common/etc/viewconfig
SYNTHESIS=/usr/cad/synopsys/synthesis/cur
REMOTEHOST=nthucad.cs.nthu.edu.tw
CVS_RSH=ssh
MAKEFLAGS=
MFLAGS=
SSH_CLIENT=192.168.75.200 55496 22
MAIL=/var/spool/mail/zscaxd5651
LOADEDMODULES=
COWARE_AUX_BIN=/usr/cad/synopsys/pa_virtualizer/cur/SLS/linux/common/bin
COWARE_JRE=/usr/cad/synopsys/pa_virtualizer/cur/SLS/linux/../linux/java
KDE_IS_PRELINKED=1
COWAREDOC_INSTALLED_AT=/usr/cad/synopsys/pa_virtualizer/vJ-2014.12/Documentation
OAHOME=/usr/cad/cadence/oa_v22.04.073
HOSTTYPE=x86_64-linux
VERPLEX_HOME=/usr/cad/cadence/CONFRML/cur
SELINUX_ROLE_REQUESTED=
SNPS_VP_DOC=/usr/cad/synopsys/pa_virtualizer/vJ-2014.12/Documentation
COWARE_CXX_COMPILER=gcc-4.7.2
GROUP=chang
CDS_Netlisting_Mode=Analog
QTINC=/usr/lib64/qt-3.3/include
SNPS_VP_HOME=/usr/cad/synopsys/pa_virtualizer/cur/SLS/linux
LANG=zh_TW.UTF-8
TERM=xterm-256color
HOST=ic56.cs.nthu.edu.tw
MAKELEVEL=1
_IRUNROOT_=/usr/cad/cadence/INCISIV/cur/tools
CDS_ARCH=lnx86
NCRUNMODE=ncverilog:./INCA_libs/irun.lnx86.14.10.nc
IRUNBATCH=FALSE
IMPERAS_PORT_FILE=.vsp_ovp_gdb_port
TCL_LIBRARY=/usr/cad/cadence/INCISIV/cur/tools/inca/files/tcl/library
Runtime command line arguments:
argv[0]=ncverilog
argv[1]=hw02_t.v
argv[2]=hw02.v
argv[3]=+access+r
102 profile - 100
          CPU/Mem usage: 0.020 sys,  0.020 user,  52.52M sys,  0.00M vm
103 VC callback profile - scalar:0 vector:0
104 Thu Jun 20 08:38:36 2019
105 pliAppInit
106 *Verdi3* : Enable Parallel Dumping.
107 pliAppMiscSet: New Sim Round
108 pliEntryInit
109 LIBSSCORE=found /usr/cad/synopsys/verdi/cur/share/PLI/IUS/LINUX/libsscore_ius141.so through $LD_LIBRARY_PATH setting.
110 argv[0]: hw02.fsdb
111 FSDB Dumper for IUS, Release Verdi3_L-2016.06-SP1-1, Linux, 09/27/2016
112 (C) 1996 - 2016 by Synopsys, Inc.
113 sps_call_fsdbDumpfile at 0 : /users/student/topic/zscaxd5651/VLSI_System_Design/HW2/hw02_t.v(28)
114 argv[0]: hw02.fsdb
115 *Verdi3* FSDB WARNING: The FSDB file already exists. Overwriting the FSDB file may crash the programs that are using this file.
116 *Verdi3* : Create FSDB file 'hw02.fsdb'
117 sps_call_fsdbDumpvars at 0 : /users/student/topic/zscaxd5651/VLSI_System_Design/HW2/hw02_t.v(30)
118 *Verdi3* : Begin traversing the scopes, layer (0).
119 *Verdi3* : End of traversing.
120 fsdbDumpvars traverse var: profile - 
          CPU/Mem usage: 0.030 sys,  0.030 user,  133.87M sys,  0.00M vm
                   incr: 0.000 sys,  0.000 user,  3.64M sys,  0.00M vm
                   accu: 0.000 sys,  0.000 user,  3.64M sys,  0.00M vm
              accu incr: 0.000 sys,  0.000 user,  3.64M sys,  0.00M vm

          Count usage: 29 var,  29 idcode,  29 callback
                 incr: 29 var,  29 idcode,  29 callback
                 accu: 29 var,  29 idcode,  29 callback
            accu incr: 29 var,  29 idcode,  29 callback
121 VC callback profile - scalar:0 vector:0
122 Thu Jun 20 08:38:36 2019
123 fsdbDumpvars: profile - 
          CPU/Mem usage: 0.030 sys,  0.030 user,  134.92M sys,  0.00M vm
                   incr: 0.000 sys,  0.000 user,  1.05M sys,  0.00M vm
                   accu: 0.000 sys,  0.000 user,  4.69M sys,  0.00M vm
              accu incr: 0.000 sys,  0.000 user,  1.05M sys,  0.00M vm

          Count usage: 29 var,  29 idcode,  29 callback
                 incr: 0 var,  0 idcode,  0 callback
                 accu: 29 var,  29 idcode,  29 callback
            accu incr: 0 var,  0 idcode,  0 callback
124 VC callback profile - scalar:13 vector:16
125 Thu Jun 20 08:38:36 2019
126 End of simulation at 1810
127 VC callback profile - scalar:864 vector:672
128 Thu Jun 20 08:38:36 2019
129 Begin FSDB profile info:
130 FSDB Writer : flush elapsed time(0.002642) bc1(864) bcn(672) mtf/stf(0/0) MT Compression : 0
131 End FSDB profile info
132 Parallel profile    -  Flush:3 Expand:0 ProduceWait:0 ConsumerWait:0 BlockUsed:0
133                        ProduceTime:0.077942384 ConsumerTime:0.000000000 Buffer:64MB
134 SimExit
135 Sim process exit
